==== Tarea iniciada: Wed Jun  4 09:25:01 CST 2025 ====
API iniciada con PID 572733
09:25:01 Esperando 127.0.0.1:8000... intento 1/30
09:25:03 Esperando 127.0.0.1:8000... intento 2/30
09:25:05 127.0.0.1:8000 está listo
Web iniciada con PID 572744
09:25:05 127.0.0.1:3000 está listo
Ejecutando script Python...
Traceback (most recent call last):
  File "/home/hector_tovar/Ventologix/scripts/automation.py", line 206, in <module>
    main()
  File "/home/hector_tovar/Ventologix/scripts/automation.py", line 159, in main
    with open("../Destinatarios.json", "r", encoding="utf-8-sig") as f:
FileNotFoundError: [Errno 2] No such file or directory: '../Destinatarios.json'
Script Python finalizado
Web cerrada (PID 572744)
API cerrada (PID 572733)
Entorno virtual desactivado
Logs antiguos eliminados
==== Tarea finalizada: Wed Jun  4 09:25:06 CST 2025 ====
==== Tarea iniciada: Wed Jun  4 10:04:01 CST 2025 ====
API iniciada con PID 575944
10:04:01 Esperando 127.0.0.1:8000... intento 1/30
10:04:03 127.0.0.1:8000 está listo
Web iniciada con PID 575952
10:04:03 127.0.0.1:3000 está listo
Ejecutando script Python...
Generando PDF para cliente ALLTANSA, línea B
Abriendo URL: http://localhost:3000/reportes?id_cliente=1&linea=B
Esperando que frontend avise que terminó de renderizar...
Frontend listo, generando PDF...
Generando PDF para cliente Power Paint Solutions, línea A
Abriendo URL: http://localhost:3000/reportes?id_cliente=3&linea=A
Esperando que frontend avise que terminó de renderizar...
Error generando PDF para cliente Power Paint Solutions: Page.wait_for_function: Timeout 300000ms exceeded.
Generando PDF para cliente Power Paint Solutions, línea B
Abriendo URL: http://localhost:3000/reportes?id_cliente=4&linea=B
Esperando que frontend avise que terminó de renderizar...
Error generando PDF para cliente Power Paint Solutions: Page.wait_for_function: Timeout 300000ms exceeded.
Generando PDF para cliente Penox Mexico, línea A
Abriendo URL: http://localhost:3000/reportes?id_cliente=7&linea=A
Esperando que frontend avise que terminó de renderizar...
Error generando PDF para cliente Penox Mexico: Page.wait_for_function: Timeout 300000ms exceeded.
Generando PDF para cliente Penox Mexico, línea B
Abriendo URL: http://localhost:3000/reportes?id_cliente=7&linea=B
Esperando que frontend avise que terminó de renderizar...
Error generando PDF para cliente Penox Mexico: Page.wait_for_function: Timeout 300000ms exceeded.
Generando PDF para cliente Durosa, línea A
Abriendo URL: http://localhost:3000/reportes?id_cliente=8&linea=A
Esperando que frontend avise que terminó de renderizar...
Error generando PDF para cliente Durosa: Page.wait_for_function: Timeout 300000ms exceeded.
Generando PDF para cliente Manttra Gimsa, línea A
Abriendo URL: http://localhost:3000/reportes?id_cliente=9&linea=A
Esperando que frontend avise que terminó de renderizar...
Error generando PDF para cliente Manttra Gimsa: Page.wait_for_function: Timeout 300000ms exceeded.
Generando PDF para cliente Manttra Gimsa, línea A
Abriendo URL: http://localhost:3000/reportes?id_cliente=12&linea=A
Esperando que frontend avise que terminó de renderizar...
Error generando PDF para cliente Manttra Gimsa: Page.wait_for_function: Timeout 300000ms exceeded.
Generando PDF para cliente Calidra, línea A
Abriendo URL: http://localhost:3000/reportes?id_cliente=10&linea=A
Esperando que frontend avise que terminó de renderizar...
Error generando PDF para cliente Calidra: Page.wait_for_function: Timeout 300000ms exceeded.
Generando PDF para cliente Calidra, línea A
Abriendo URL: http://localhost:3000/reportes?id_cliente=11&linea=A
Esperando que frontend avise que terminó de renderizar...
Error generando PDF para cliente Calidra: Page.wait_for_function: Timeout 300000ms exceeded.
Correo enviado a Emilio.alvarado@alltansa.com, Ingenieria@alltansa.com, agarza@alltansa.com
No se encontró archivo esperado: Reporte Diario Power Paint Solutions Primario 2025-06-03.pdf
No se encontró archivo esperado: Reporte Diario Power Paint Solutions Secundario 2025-06-03.pdf
No se encontró archivo esperado: Reporte Diario Penox Mexico Compresor 1 2025-06-03.pdf
No se encontró archivo esperado: Reporte Diario Penox Mexico Compresor 2 2025-06-03.pdf
No se encontró archivo esperado: Reporte Diario Durosa Compresor 1 2025-06-03.pdf
No se encontró archivo esperado: Reporte Diario Manttra Gimsa Primario 2025-06-03.pdf
No se encontró archivo esperado: Reporte Diario Manttra Gimsa Secundario 2025-06-03.pdf
No se encontró archivo esperado: Reporte Diario Calidra HORNO 5 2025-06-03.pdf
No se encontró archivo esperado: Reporte Diario Calidra HORNO MEARZ 2025-06-03.pdf
Correo de advertencia enviado a hector.tovar@ventologix.com, andres.mirazo@ventologix.com
Proceso finalizado.
Generando PDF para cliente ALLTANSA, línea B
Abriendo URL: http://localhost:3000/reportes?id_cliente=1&linea=B
Esperando que frontend avise que terminó de renderizar...
Error generando PDF para cliente ALLTANSA: Page.wait_for_function: Timeout 300000ms exceeded.
Generando PDF para cliente Power Paint Solutions, línea A
Abriendo URL: http://localhost:3000/reportes?id_cliente=3&linea=A
Esperando que frontend avise que terminó de renderizar...
Error generando PDF para cliente Power Paint Solutions: Page.wait_for_function: Timeout 300000ms exceeded.
Generando PDF para cliente Power Paint Solutions, línea B
Abriendo URL: http://localhost:3000/reportes?id_cliente=4&linea=B
Esperando que frontend avise que terminó de renderizar...
Error generando PDF para cliente Power Paint Solutions: Page.wait_for_function: Timeout 300000ms exceeded.
Generando PDF para cliente Penox Mexico, línea A
Abriendo URL: http://localhost:3000/reportes?id_cliente=7&linea=A
Esperando que frontend avise que terminó de renderizar...
Error generando PDF para cliente Penox Mexico: Page.wait_for_function: Timeout 300000ms exceeded.
Generando PDF para cliente Penox Mexico, línea B
Abriendo URL: http://localhost:3000/reportes?id_cliente=7&linea=B
Esperando que frontend avise que terminó de renderizar...
Error generando PDF para cliente Penox Mexico: Page.wait_for_function: Timeout 300000ms exceeded.
Generando PDF para cliente Durosa, línea A
Abriendo URL: http://localhost:3000/reportes?id_cliente=8&linea=A
Esperando que frontend avise que terminó de renderizar...
Error generando PDF para cliente Durosa: Page.wait_for_function: Timeout 300000ms exceeded.
Generando PDF para cliente Manttra Gimsa, línea A
Abriendo URL: http://localhost:3000/reportes?id_cliente=9&linea=A
Esperando que frontend avise que terminó de renderizar...
Error generando PDF para cliente Manttra Gimsa: Page.wait_for_function: Timeout 300000ms exceeded.
Generando PDF para cliente Manttra Gimsa, línea A
Abriendo URL: http://localhost:3000/reportes?id_cliente=12&linea=A
Esperando que frontend avise que terminó de renderizar...
Error generando PDF para cliente Manttra Gimsa: Page.wait_for_function: Timeout 300000ms exceeded.
Generando PDF para cliente Calidra, línea A
Abriendo URL: http://localhost:3000/reportes?id_cliente=10&linea=A
Esperando que frontend avise que terminó de renderizar...
Error generando PDF para cliente Calidra: Page.wait_for_function: Timeout 300000ms exceeded.
Generando PDF para cliente Calidra, línea A
Abriendo URL: http://localhost:3000/reportes?id_cliente=11&linea=A
Esperando que frontend avise que terminó de renderizar...
Error generando PDF para cliente Calidra: Page.wait_for_function: Timeout 300000ms exceeded.
No se encontró archivo esperado: Reporte Diario ALLTANSA Primario 2025-06-03.pdf
No se encontró archivo esperado: Reporte Diario Power Paint Solutions Primario 2025-06-03.pdf
No se encontró archivo esperado: Reporte Diario Power Paint Solutions Secundario 2025-06-03.pdf
No se encontró archivo esperado: Reporte Diario Penox Mexico Compresor 1 2025-06-03.pdf
No se encontró archivo esperado: Reporte Diario Penox Mexico Compresor 2 2025-06-03.pdf
No se encontró archivo esperado: Reporte Diario Durosa Compresor 1 2025-06-03.pdf
No se encontró archivo esperado: Reporte Diario Manttra Gimsa Primario 2025-06-03.pdf
No se encontró archivo esperado: Reporte Diario Manttra Gimsa Secundario 2025-06-03.pdf
No se encontró archivo esperado: Reporte Diario Calidra HORNO 5 2025-06-03.pdf
No se encontró archivo esperado: Reporte Diario Calidra HORNO MEARZ 2025-06-03.pdf
Correo de advertencia enviado a hector.tovar@ventologix.com, andres.mirazo@ventologix.com
Proceso finalizado.
Generando PDF para cliente ALLTANSA, línea B
Abriendo URL: http://localhost:3000/reportes?id_cliente=1&linea=B
Esperando que frontend avise que terminó de renderizar...
Error generando PDF para cliente ALLTANSA: Page.wait_for_function: Timeout 300000ms exceeded.
Generando PDF para cliente Power Paint Solutions, línea A
Abriendo URL: http://localhost:3000/reportes?id_cliente=3&linea=A
Esperando que frontend avise que terminó de renderizar...
Error generando PDF para cliente Power Paint Solutions: Page.wait_for_function: Timeout 300000ms exceeded.
Generando PDF para cliente Power Paint Solutions, línea B
Abriendo URL: http://localhost:3000/reportes?id_cliente=4&linea=B
Esperando que frontend avise que terminó de renderizar...
Error generando PDF para cliente Power Paint Solutions: Page.wait_for_function: Timeout 300000ms exceeded.
Generando PDF para cliente Penox Mexico, línea A
Abriendo URL: http://localhost:3000/reportes?id_cliente=7&linea=A
Esperando que frontend avise que terminó de renderizar...
Error generando PDF para cliente Penox Mexico: Page.wait_for_function: Timeout 300000ms exceeded.
Generando PDF para cliente Penox Mexico, línea B
Abriendo URL: http://localhost:3000/reportes?id_cliente=7&linea=B
Esperando que frontend avise que terminó de renderizar...
Error generando PDF para cliente Penox Mexico: Page.wait_for_function: Timeout 300000ms exceeded.
Generando PDF para cliente Durosa, línea A
Abriendo URL: http://localhost:3000/reportes?id_cliente=8&linea=A
Esperando que frontend avise que terminó de renderizar...
Error generando PDF para cliente Durosa: Page.wait_for_function: Timeout 300000ms exceeded.
Generando PDF para cliente Manttra Gimsa, línea A
Abriendo URL: http://localhost:3000/reportes?id_cliente=9&linea=A
Esperando que frontend avise que terminó de renderizar...
Frontend listo, generando PDF...
Generando PDF para cliente Manttra Gimsa, línea A
Abriendo URL: http://localhost:3000/reportes?id_cliente=12&linea=A
Esperando que frontend avise que terminó de renderizar...
Frontend listo, generando PDF...
Generando PDF para cliente Calidra, línea A
Abriendo URL: http://localhost:3000/reportes?id_cliente=10&linea=A
Esperando que frontend avise que terminó de renderizar...
Frontend listo, generando PDF...
Generando PDF para cliente Calidra, línea A
Abriendo URL: http://localhost:3000/reportes?id_cliente=11&linea=A
Esperando que frontend avise que terminó de renderizar...
Frontend listo, generando PDF...
No se encontró archivo esperado: Reporte Diario ALLTANSA Primario 2025-06-03.pdf
No se encontró archivo esperado: Reporte Diario Power Paint Solutions Primario 2025-06-03.pdf
No se encontró archivo esperado: Reporte Diario Power Paint Solutions Secundario 2025-06-03.pdf
No se encontró archivo esperado: Reporte Diario Penox Mexico Compresor 1 2025-06-03.pdf
No se encontró archivo esperado: Reporte Diario Penox Mexico Compresor 2 2025-06-03.pdf
No se encontró archivo esperado: Reporte Diario Durosa Compresor 1 2025-06-03.pdf
Correo enviado a amirelesh@bertran.com.mx, jsamaniegog@manttragimsa.com.mx
Correo enviado a amirelesh@bertran.com.mx, jsamaniegog@manttragimsa.com.mx
Correo enviado a lmerjil@calidra.com.mx, rhernandezl@calidra.com.mx
Correo enviado a lmerjil@calidra.com.mx, rhernandezl@calidra.com.mx
Correo de advertencia enviado a hector.tovar@ventologix.com, andres.mirazo@ventologix.com
Proceso finalizado.
Generando PDF para cliente ALLTANSA, línea B
Abriendo URL: http://localhost:3000/reportes?id_cliente=1&linea=B
Esperando que frontend avise que terminó de renderizar...
Error generando PDF para cliente ALLTANSA: Page.wait_for_function: Timeout 300000ms exceeded.
Generando PDF para cliente Power Paint Solutions, línea A
Abriendo URL: http://localhost:3000/reportes?id_cliente=3&linea=A
Esperando que frontend avise que terminó de renderizar...
Frontend listo, generando PDF...
Generando PDF para cliente Power Paint Solutions, línea B
Abriendo URL: http://localhost:3000/reportes?id_cliente=4&linea=B
Esperando que frontend avise que terminó de renderizar...
Frontend listo, generando PDF...
Generando PDF para cliente Penox Mexico, línea A
Abriendo URL: http://localhost:3000/reportes?id_cliente=7&linea=A
Esperando que frontend avise que terminó de renderizar...
Error generando PDF para cliente Penox Mexico: Page.wait_for_function: Timeout 300000ms exceeded.
Generando PDF para cliente Penox Mexico, línea B
Abriendo URL: http://localhost:3000/reportes?id_cliente=7&linea=B
Esperando que frontend avise que terminó de renderizar...
Frontend listo, generando PDF...
Generando PDF para cliente Durosa, línea A
Abriendo URL: http://localhost:3000/reportes?id_cliente=8&linea=A
Esperando que frontend avise que terminó de renderizar...
Frontend listo, generando PDF...
Generando PDF para cliente Manttra Gimsa, línea A
Abriendo URL: http://localhost:3000/reportes?id_cliente=9&linea=A
Esperando que frontend avise que terminó de renderizar...
Frontend listo, generando PDF...
Generando PDF para cliente Manttra Gimsa, línea A
Abriendo URL: http://localhost:3000/reportes?id_cliente=12&linea=A
Esperando que frontend avise que terminó de renderizar...
Frontend listo, generando PDF...
Generando PDF para cliente Calidra, línea A
Abriendo URL: http://localhost:3000/reportes?id_cliente=10&linea=A
Esperando que frontend avise que terminó de renderizar...
Frontend listo, generando PDF...
Generando PDF para cliente Calidra, línea A
Abriendo URL: http://localhost:3000/reportes?id_cliente=11&linea=A
Esperando que frontend avise que terminó de renderizar...
Frontend listo, generando PDF...
No se encontró archivo esperado: Reporte Diario ALLTANSA Primario 2025-06-03.pdf
Correo enviado a peter@powerpaintsolutions.com, Gerencia@powerpaintsolutions.com, Emilio@powerpaintsolutions.com
Correo enviado a peter@powerpaintsolutions.com, Gerencia@powerpaintsolutions.com, Emilio@powerpaintsolutions.com
No se encontró archivo esperado: Reporte Diario Penox Mexico Compresor 1 2025-06-03.pdf
Correo enviado a freyes@penoxmexico.com, rreyna@penoxmexico.com
Correo enviado a Ccastillo@durosa.net, Pduran@durosa.net, Slumbreras@durosa.net, Dduran@durosa.net, Hluna@durosa.net
Correo enviado a amirelesh@bertran.com.mx, jsamaniegog@manttragimsa.com.mx
Correo enviado a amirelesh@bertran.com.mx, jsamaniegog@manttragimsa.com.mx
Correo enviado a lmerjil@calidra.com.mx, rhernandezl@calidra.com.mx
Correo enviado a lmerjil@calidra.com.mx, rhernandezl@calidra.com.mx
Correo de advertencia enviado a hector.tovar@ventologix.com, andres.mirazo@ventologix.com
Proceso finalizado.
Generando PDF para cliente ALLTANSA, línea B
Abriendo URL: http://localhost:3000/reportes?id_cliente=1&linea=B
Esperando que frontend avise que terminó de renderizar...
Error generando PDF para cliente ALLTANSA: Page.wait_for_function: Timeout 300000ms exceeded.
Generando PDF para cliente Power Paint Solutions, línea A
Abriendo URL: http://localhost:3000/reportes?id_cliente=3&linea=A
Esperando que frontend avise que terminó de renderizar...
Error generando PDF para cliente Power Paint Solutions: Page.wait_for_function: Timeout 300000ms exceeded.
Generando PDF para cliente Power Paint Solutions, línea B
Abriendo URL: http://localhost:3000/reportes?id_cliente=4&linea=B
Esperando que frontend avise que terminó de renderizar...
Error generando PDF para cliente Power Paint Solutions: Page.wait_for_function: Timeout 300000ms exceeded.
Generando PDF para cliente Penox Mexico, línea A
Abriendo URL: http://localhost:3000/reportes?id_cliente=7&linea=A
Esperando que frontend avise que terminó de renderizar...
Error generando PDF para cliente Penox Mexico: Page.wait_for_function: Timeout 300000ms exceeded.
Generando PDF para cliente Penox Mexico, línea B
Abriendo URL: http://localhost:3000/reportes?id_cliente=7&linea=B
Esperando que frontend avise que terminó de renderizar...
Error generando PDF para cliente Penox Mexico: Page.wait_for_function: Timeout 300000ms exceeded.
Generando PDF para cliente Durosa, línea A
Abriendo URL: http://localhost:3000/reportes?id_cliente=8&linea=A
Esperando que frontend avise que terminó de renderizar...
Frontend listo, generando PDF...
Generando PDF para cliente Manttra Gimsa, línea A
Abriendo URL: http://localhost:3000/reportes?id_cliente=9&linea=A
Esperando que frontend avise que terminó de renderizar...
Frontend listo, generando PDF...
Generando PDF para cliente Manttra Gimsa, línea A
Abriendo URL: http://localhost:3000/reportes?id_cliente=12&linea=A
Esperando que frontend avise que terminó de renderizar...
Frontend listo, generando PDF...
Generando PDF para cliente Calidra, línea A
Abriendo URL: http://localhost:3000/reportes?id_cliente=10&linea=A
Esperando que frontend avise que terminó de renderizar...
Frontend listo, generando PDF...
Generando PDF para cliente Calidra, línea A
Abriendo URL: http://localhost:3000/reportes?id_cliente=11&linea=A
Esperando que frontend avise que terminó de renderizar...
Frontend listo, generando PDF...
No se encontró archivo esperado: Reporte Diario ALLTANSA Primario 2025-06-03.pdf
No se encontró archivo esperado: Reporte Diario Power Paint Solutions Primario 2025-06-03.pdf
No se encontró archivo esperado: Reporte Diario Power Paint Solutions Secundario 2025-06-03.pdf
No se encontró archivo esperado: Reporte Diario Penox Mexico Compresor 1 2025-06-03.pdf
No se encontró archivo esperado: Reporte Diario Penox Mexico Compresor 2 2025-06-03.pdf
Correo enviado a Ccastillo@durosa.net, Pduran@durosa.net, Slumbreras@durosa.net, Dduran@durosa.net, Hluna@durosa.net
Correo enviado a amirelesh@bertran.com.mx, jsamaniegog@manttragimsa.com.mx
Correo enviado a amirelesh@bertran.com.mx, jsamaniegog@manttragimsa.com.mx
Correo enviado a lmerjil@calidra.com.mx, rhernandezl@calidra.com.mx
Correo enviado a lmerjil@calidra.com.mx, rhernandezl@calidra.com.mx
Correo de advertencia enviado a hector.tovar@ventologix.com, andres.mirazo@ventologix.com
Proceso finalizado.
Generando PDF para cliente ALLTANSA, línea B
Abriendo URL: http://localhost:3000/reportes?id_cliente=1&linea=B
Esperando que frontend avise que terminó de renderizar...
Error generando PDF para cliente ALLTANSA: Page.wait_for_function: Timeout 300000ms exceeded.
Generando PDF para cliente Power Paint Solutions, línea A
Abriendo URL: http://localhost:3000/reportes?id_cliente=3&linea=A
Esperando que frontend avise que terminó de renderizar...
Error generando PDF para cliente Power Paint Solutions: Page.wait_for_function: Timeout 300000ms exceeded.
Generando PDF para cliente Power Paint Solutions, línea B
Abriendo URL: http://localhost:3000/reportes?id_cliente=4&linea=B
Esperando que frontend avise que terminó de renderizar...
Error generando PDF para cliente Power Paint Solutions: Page.wait_for_function: Timeout 300000ms exceeded.
Generando PDF para cliente Penox Mexico, línea A
Abriendo URL: http://localhost:3000/reportes?id_cliente=7&linea=A
Esperando que frontend avise que terminó de renderizar...
Error generando PDF para cliente Penox Mexico: Page.wait_for_function: Timeout 300000ms exceeded.
Generando PDF para cliente Penox Mexico, línea B
Abriendo URL: http://localhost:3000/reportes?id_cliente=7&linea=B
Esperando que frontend avise que terminó de renderizar...
Error generando PDF para cliente Penox Mexico: Page.wait_for_function: Timeout 300000ms exceeded.
Generando PDF para cliente Durosa, línea A
Abriendo URL: http://localhost:3000/reportes?id_cliente=8&linea=A
Esperando que frontend avise que terminó de renderizar...
Error generando PDF para cliente Durosa: Page.wait_for_function: Timeout 300000ms exceeded.
Generando PDF para cliente Manttra Gimsa, línea A
Abriendo URL: http://localhost:3000/reportes?id_cliente=9&linea=A
Esperando que frontend avise que terminó de renderizar...
Error generando PDF para cliente Manttra Gimsa: Page.wait_for_function: Timeout 300000ms exceeded.
Generando PDF para cliente Manttra Gimsa, línea A
Abriendo URL: http://localhost:3000/reportes?id_cliente=12&linea=A
Esperando que frontend avise que terminó de renderizar...
Error generando PDF para cliente Manttra Gimsa: Page.wait_for_function: Timeout 300000ms exceeded.
Generando PDF para cliente Calidra, línea A
Abriendo URL: http://localhost:3000/reportes?id_cliente=10&linea=A
Esperando que frontend avise que terminó de renderizar...
Error generando PDF para cliente Calidra: Page.wait_for_function: Timeout 300000ms exceeded.
Generando PDF para cliente Calidra, línea A
Abriendo URL: http://localhost:3000/reportes?id_cliente=11&linea=A
Esperando que frontend avise que terminó de renderizar...
Error generando PDF para cliente Calidra: Page.wait_for_function: Timeout 300000ms exceeded.
No se encontró archivo esperado: Reporte Diario ALLTANSA Primario 2025-06-03.pdf
No se encontró archivo esperado: Reporte Diario Power Paint Solutions Primario 2025-06-03.pdf
No se encontró archivo esperado: Reporte Diario Power Paint Solutions Secundario 2025-06-03.pdf
No se encontró archivo esperado: Reporte Diario Penox Mexico Compresor 1 2025-06-03.pdf
No se encontró archivo esperado: Reporte Diario Penox Mexico Compresor 2 2025-06-03.pdf
No se encontró archivo esperado: Reporte Diario Durosa Compresor 1 2025-06-03.pdf
No se encontró archivo esperado: Reporte Diario Manttra Gimsa Primario 2025-06-03.pdf
No se encontró archivo esperado: Reporte Diario Manttra Gimsa Secundario 2025-06-03.pdf
No se encontró archivo esperado: Reporte Diario Calidra HORNO 5 2025-06-03.pdf
No se encontró archivo esperado: Reporte Diario Calidra HORNO MEARZ 2025-06-03.pdf
Correo de advertencia enviado a hector.tovar@ventologix.com, andres.mirazo@ventologix.com
Proceso finalizado.
Traceback (most recent call last):
  File "/home/hector_tovar/Ventologix/vento/lib/python3.10/site-packages/urllib3/connection.py", line 198, in _new_conn
    sock = connection.create_connection(
  File "/home/hector_tovar/Ventologix/vento/lib/python3.10/site-packages/urllib3/util/connection.py", line 85, in create_connection
    raise err
  File "/home/hector_tovar/Ventologix/vento/lib/python3.10/site-packages/urllib3/util/connection.py", line 73, in create_connection
    sock.connect(sa)
ConnectionRefusedError: [Errno 111] Connection refused

The above exception was the direct cause of the following exception:

Traceback (most recent call last):
  File "/home/hector_tovar/Ventologix/vento/lib/python3.10/site-packages/urllib3/connectionpool.py", line 787, in urlopen
    response = self._make_request(
  File "/home/hector_tovar/Ventologix/vento/lib/python3.10/site-packages/urllib3/connectionpool.py", line 493, in _make_request
    conn.request(
  File "/home/hector_tovar/Ventologix/vento/lib/python3.10/site-packages/urllib3/connection.py", line 445, in request
    self.endheaders()
  File "/usr/lib/python3.10/http/client.py", line 1278, in endheaders
    self._send_output(message_body, encode_chunked=encode_chunked)
  File "/usr/lib/python3.10/http/client.py", line 1038, in _send_output
    self.send(msg)
  File "/usr/lib/python3.10/http/client.py", line 976, in send
    self.connect()
  File "/home/hector_tovar/Ventologix/vento/lib/python3.10/site-packages/urllib3/connection.py", line 276, in connect
    self.sock = self._new_conn()
  File "/home/hector_tovar/Ventologix/vento/lib/python3.10/site-packages/urllib3/connection.py", line 213, in _new_conn
    raise NewConnectionError(
urllib3.exceptions.NewConnectionError: <urllib3.connection.HTTPConnection object at 0x798f7e1563e0>: Failed to establish a new connection: [Errno 111] Connection refused

The above exception was the direct cause of the following exception:

Traceback (most recent call last):
  File "/home/hector_tovar/Ventologix/vento/lib/python3.10/site-packages/requests/adapters.py", line 667, in send
    resp = conn.urlopen(
  File "/home/hector_tovar/Ventologix/vento/lib/python3.10/site-packages/urllib3/connectionpool.py", line 841, in urlopen
    retries = retries.increment(
  File "/home/hector_tovar/Ventologix/vento/lib/python3.10/site-packages/urllib3/util/retry.py", line 519, in increment
    raise MaxRetryError(_pool, url, reason) from reason  # type: ignore[arg-type]
urllib3.exceptions.MaxRetryError: HTTPConnectionPool(host='127.0.0.1', port=8000): Max retries exceeded with url: /report/clients-data (Caused by NewConnectionError('<urllib3.connection.HTTPConnection object at 0x798f7e1563e0>: Failed to establish a new connection: [Errno 111] Connection refused'))

During handling of the above exception, another exception occurred:

Traceback (most recent call last):
  File "/home/hector_tovar/Ventologix/scripts/automation.py", line 206, in <module>
    main()
  File "/home/hector_tovar/Ventologix/scripts/automation.py", line 163, in main
    clientes = obtener_clientes_desde_api()
  File "/home/hector_tovar/Ventologix/scripts/automation.py", line 36, in obtener_clientes_desde_api
    response = requests.get("http://127.0.0.1:8000/report/clients-data")
  File "/home/hector_tovar/Ventologix/vento/lib/python3.10/site-packages/requests/api.py", line 73, in get
    return request("get", url, params=params, **kwargs)
  File "/home/hector_tovar/Ventologix/vento/lib/python3.10/site-packages/requests/api.py", line 59, in request
    return session.request(method=method, url=url, **kwargs)
  File "/home/hector_tovar/Ventologix/vento/lib/python3.10/site-packages/requests/sessions.py", line 589, in request
    resp = self.send(prep, **send_kwargs)
  File "/home/hector_tovar/Ventologix/vento/lib/python3.10/site-packages/requests/sessions.py", line 703, in send
    r = adapter.send(request, **kwargs)
  File "/home/hector_tovar/Ventologix/vento/lib/python3.10/site-packages/requests/adapters.py", line 700, in send
    raise ConnectionError(e, request=request)
requests.exceptions.ConnectionError: HTTPConnectionPool(host='127.0.0.1', port=8000): Max retries exceeded with url: /report/clients-data (Caused by NewConnectionError('<urllib3.connection.HTTPConnection object at 0x798f7e1563e0>: Failed to establish a new connection: [Errno 111] Connection refused'))
Script Python finalizado
Web cerrada (PID 575952)
API cerrada (PID 575944)
Entorno virtual desactivado
Logs antiguos eliminados
==== Tarea finalizada: Wed Jun  4 13:56:06 CST 2025 ====
==== Tarea iniciada: Wed Jun  4 13:56:09 CST 2025 ====
API iniciada con PID 598253
13:56:09 Esperando 127.0.0.1:8000... intento 1/30
13:56:11 Esperando 127.0.0.1:8000... intento 2/30
13:56:13 127.0.0.1:8000 está listo
Web iniciada con PID 598264
13:56:13 127.0.0.1:3000 está listo
Ejecutando script Python...
Traceback (most recent call last):
  File "/home/hector_tovar/Ventologix/scripts/automation.py", line 206, in <module>
    main()
  File "/home/hector_tovar/Ventologix/scripts/automation.py", line 159, in main
    with open("../Destinatarios.json", "r", encoding="utf-8-sig") as f:
FileNotFoundError: [Errno 2] No such file or directory: '../Destinatarios.json'
Script Python finalizado
Web cerrada (PID 598264)
API cerrada (PID 598253)
Entorno virtual desactivado
Logs antiguos eliminados
==== Tarea finalizada: Wed Jun  4 13:56:14 CST 2025 ====
