==== Tarea iniciada: Tue Jun  3 06:55:01 CST 2025 ====
API iniciada con PID 470630
06:55:01 Esperando 127.0.0.1:8000... intento 1/30
06:55:03 Esperando 127.0.0.1:8000... intento 2/30
06:55:05 Esperando 127.0.0.1:8000... intento 3/30
06:55:07 Esperando 127.0.0.1:8000... intento 4/30
06:55:09 Esperando 127.0.0.1:8000... intento 5/30
06:55:11 Esperando 127.0.0.1:8000... intento 6/30
06:55:13 Esperando 127.0.0.1:8000... intento 7/30
06:55:15 Esperando 127.0.0.1:8000... intento 8/30
06:55:17 Esperando 127.0.0.1:8000... intento 9/30
06:55:19 Esperando 127.0.0.1:8000... intento 10/30
06:55:21 Esperando 127.0.0.1:8000... intento 11/30
06:55:23 Esperando 127.0.0.1:8000... intento 12/30
06:55:25 Esperando 127.0.0.1:8000... intento 13/30
06:55:27 Esperando 127.0.0.1:8000... intento 14/30
06:55:29 Esperando 127.0.0.1:8000... intento 15/30
06:55:31 Esperando 127.0.0.1:8000... intento 16/30
06:55:33 Esperando 127.0.0.1:8000... intento 17/30
06:55:35 Esperando 127.0.0.1:8000... intento 18/30
06:55:37 Esperando 127.0.0.1:8000... intento 19/30
06:55:39 Esperando 127.0.0.1:8000... intento 20/30
06:55:41 Esperando 127.0.0.1:8000... intento 21/30
06:55:43 Esperando 127.0.0.1:8000... intento 22/30
06:55:45 Esperando 127.0.0.1:8000... intento 23/30
06:55:47 Esperando 127.0.0.1:8000... intento 24/30
06:55:49 Esperando 127.0.0.1:8000... intento 25/30
06:55:51 Esperando 127.0.0.1:8000... intento 26/30
06:55:53 Esperando 127.0.0.1:8000... intento 27/30
06:55:55 Esperando 127.0.0.1:8000... intento 28/30
06:55:57 Esperando 127.0.0.1:8000... intento 29/30
06:55:59 Esperando 127.0.0.1:8000... intento 30/30
06:56:01 Timeout esperando 127.0.0.1:8000
No se pudo levantar API, abortando.
==== Tarea iniciada: Tue Jun  3 09:03:02 CST 2025 ====
API iniciada con PID 480181
Web iniciada con PID 480182
Ejecutando script Python...
Traceback (most recent call last):
  File "/home/hector_tovar/Ventologix/vento/lib/python3.10/site-packages/urllib3/connection.py", line 198, in _new_conn
    sock = connection.create_connection(
  File "/home/hector_tovar/Ventologix/vento/lib/python3.10/site-packages/urllib3/util/connection.py", line 85, in create_connection
    raise err
  File "/home/hector_tovar/Ventologix/vento/lib/python3.10/site-packages/urllib3/util/connection.py", line 73, in create_connection
    sock.connect(sa)
ConnectionRefusedError: [Errno 111] Connection refused

The above exception was the direct cause of the following exception:

Traceback (most recent call last):
  File "/home/hector_tovar/Ventologix/vento/lib/python3.10/site-packages/urllib3/connectionpool.py", line 787, in urlopen
    response = self._make_request(
  File "/home/hector_tovar/Ventologix/vento/lib/python3.10/site-packages/urllib3/connectionpool.py", line 493, in _make_request
    conn.request(
  File "/home/hector_tovar/Ventologix/vento/lib/python3.10/site-packages/urllib3/connection.py", line 445, in request
    self.endheaders()
  File "/usr/lib/python3.10/http/client.py", line 1278, in endheaders
    self._send_output(message_body, encode_chunked=encode_chunked)
  File "/usr/lib/python3.10/http/client.py", line 1038, in _send_output
    self.send(msg)
  File "/usr/lib/python3.10/http/client.py", line 976, in send
    self.connect()
  File "/home/hector_tovar/Ventologix/vento/lib/python3.10/site-packages/urllib3/connection.py", line 276, in connect
    self.sock = self._new_conn()
  File "/home/hector_tovar/Ventologix/vento/lib/python3.10/site-packages/urllib3/connection.py", line 213, in _new_conn
    raise NewConnectionError(
urllib3.exceptions.NewConnectionError: <urllib3.connection.HTTPConnection object at 0x762b6c983f70>: Failed to establish a new connection: [Errno 111] Connection refused

The above exception was the direct cause of the following exception:

Traceback (most recent call last):
  File "/home/hector_tovar/Ventologix/vento/lib/python3.10/site-packages/requests/adapters.py", line 667, in send
    resp = conn.urlopen(
  File "/home/hector_tovar/Ventologix/vento/lib/python3.10/site-packages/urllib3/connectionpool.py", line 841, in urlopen
    retries = retries.increment(
  File "/home/hector_tovar/Ventologix/vento/lib/python3.10/site-packages/urllib3/util/retry.py", line 519, in increment
    raise MaxRetryError(_pool, url, reason) from reason  # type: ignore[arg-type]
urllib3.exceptions.MaxRetryError: HTTPConnectionPool(host='127.0.0.1', port=8000): Max retries exceeded with url: /report/clients-data (Caused by NewConnectionError('<urllib3.connection.HTTPConnection object at 0x762b6c983f70>: Failed to establish a new connection: [Errno 111] Connection refused'))

During handling of the above exception, another exception occurred:

Traceback (most recent call last):
  File "/home/hector_tovar/Ventologix/scripts/testSendPdfs.py", line 172, in <module>
    main()
  File "/home/hector_tovar/Ventologix/scripts/testSendPdfs.py", line 130, in main
    clientes = obtener_clientes_desde_api()
  File "/home/hector_tovar/Ventologix/scripts/testSendPdfs.py", line 33, in obtener_clientes_desde_api
    response = requests.get("http://127.0.0.1:8000/report/clients-data")
  File "/home/hector_tovar/Ventologix/vento/lib/python3.10/site-packages/requests/api.py", line 73, in get
    return request("get", url, params=params, **kwargs)
  File "/home/hector_tovar/Ventologix/vento/lib/python3.10/site-packages/requests/api.py", line 59, in request
    return session.request(method=method, url=url, **kwargs)
  File "/home/hector_tovar/Ventologix/vento/lib/python3.10/site-packages/requests/sessions.py", line 589, in request
    resp = self.send(prep, **send_kwargs)
  File "/home/hector_tovar/Ventologix/vento/lib/python3.10/site-packages/requests/sessions.py", line 703, in send
    r = adapter.send(request, **kwargs)
  File "/home/hector_tovar/Ventologix/vento/lib/python3.10/site-packages/requests/adapters.py", line 700, in send
    raise ConnectionError(e, request=request)
requests.exceptions.ConnectionError: HTTPConnectionPool(host='127.0.0.1', port=8000): Max retries exceeded with url: /report/clients-data (Caused by NewConnectionError('<urllib3.connection.HTTPConnection object at 0x762b6c983f70>: Failed to establish a new connection: [Errno 111] Connection refused'))
Script Python finalizado
Web cerrada (PID 480182)
API cerrada (PID 480181)
Entorno virtual desactivado
Logs antiguos eliminados
==== Tarea finalizada: Tue Jun  3 09:03:02 CST 2025 ====
==== Tarea iniciada: Tue Jun  3 09:23:25 CST 2025 ====
API iniciada con PID 481635
Web iniciada con PID 481636
Ejecutando script Python...
/home/hector_tovar/Ventologix/scripts/test.sh: 29: python: not found
Script Python finalizado
Web cerrada (PID 481636)
API cerrada (PID 481635)
Entorno virtual desactivado
Logs antiguos eliminados
==== Tarea finalizada: Tue Jun  3 09:23:25 CST 2025 ====
==== Tarea iniciada: Tue Jun  3 09:24:14 CST 2025 ====
API iniciada con PID 481658
Web iniciada con PID 481659
Ejecutando script Python...
Traceback (most recent call last):
  File "/home/hector_tovar/Ventologix/vento/lib/python3.10/site-packages/urllib3/connection.py", line 198, in _new_conn
    sock = connection.create_connection(
  File "/home/hector_tovar/Ventologix/vento/lib/python3.10/site-packages/urllib3/util/connection.py", line 85, in create_connection
    raise err
  File "/home/hector_tovar/Ventologix/vento/lib/python3.10/site-packages/urllib3/util/connection.py", line 73, in create_connection
    sock.connect(sa)
ConnectionRefusedError: [Errno 111] Connection refused

The above exception was the direct cause of the following exception:

Traceback (most recent call last):
  File "/home/hector_tovar/Ventologix/vento/lib/python3.10/site-packages/urllib3/connectionpool.py", line 787, in urlopen
    response = self._make_request(
  File "/home/hector_tovar/Ventologix/vento/lib/python3.10/site-packages/urllib3/connectionpool.py", line 493, in _make_request
    conn.request(
  File "/home/hector_tovar/Ventologix/vento/lib/python3.10/site-packages/urllib3/connection.py", line 445, in request
    self.endheaders()
  File "/usr/lib/python3.10/http/client.py", line 1278, in endheaders
    self._send_output(message_body, encode_chunked=encode_chunked)
  File "/usr/lib/python3.10/http/client.py", line 1038, in _send_output
    self.send(msg)
  File "/usr/lib/python3.10/http/client.py", line 976, in send
    self.connect()
  File "/home/hector_tovar/Ventologix/vento/lib/python3.10/site-packages/urllib3/connection.py", line 276, in connect
    self.sock = self._new_conn()
  File "/home/hector_tovar/Ventologix/vento/lib/python3.10/site-packages/urllib3/connection.py", line 213, in _new_conn
    raise NewConnectionError(
urllib3.exceptions.NewConnectionError: <urllib3.connection.HTTPConnection object at 0x774f098d8490>: Failed to establish a new connection: [Errno 111] Connection refused

The above exception was the direct cause of the following exception:

Traceback (most recent call last):
  File "/home/hector_tovar/Ventologix/vento/lib/python3.10/site-packages/requests/adapters.py", line 667, in send
    resp = conn.urlopen(
  File "/home/hector_tovar/Ventologix/vento/lib/python3.10/site-packages/urllib3/connectionpool.py", line 841, in urlopen
    retries = retries.increment(
  File "/home/hector_tovar/Ventologix/vento/lib/python3.10/site-packages/urllib3/util/retry.py", line 519, in increment
    raise MaxRetryError(_pool, url, reason) from reason  # type: ignore[arg-type]
urllib3.exceptions.MaxRetryError: HTTPConnectionPool(host='127.0.0.1', port=8000): Max retries exceeded with url: /report/clients-data (Caused by NewConnectionError('<urllib3.connection.HTTPConnection object at 0x774f098d8490>: Failed to establish a new connection: [Errno 111] Connection refused'))

During handling of the above exception, another exception occurred:

Traceback (most recent call last):
  File "/home/hector_tovar/Ventologix/scripts/testSendPdfs.py", line 172, in <module>
    main()
  File "/home/hector_tovar/Ventologix/scripts/testSendPdfs.py", line 130, in main
    clientes = obtener_clientes_desde_api()
  File "/home/hector_tovar/Ventologix/scripts/testSendPdfs.py", line 33, in obtener_clientes_desde_api
    response = requests.get("http://127.0.0.1:8000/report/clients-data")
  File "/home/hector_tovar/Ventologix/vento/lib/python3.10/site-packages/requests/api.py", line 73, in get
    return request("get", url, params=params, **kwargs)
  File "/home/hector_tovar/Ventologix/vento/lib/python3.10/site-packages/requests/api.py", line 59, in request
    return session.request(method=method, url=url, **kwargs)
  File "/home/hector_tovar/Ventologix/vento/lib/python3.10/site-packages/requests/sessions.py", line 589, in request
    resp = self.send(prep, **send_kwargs)
  File "/home/hector_tovar/Ventologix/vento/lib/python3.10/site-packages/requests/sessions.py", line 703, in send
    r = adapter.send(request, **kwargs)
  File "/home/hector_tovar/Ventologix/vento/lib/python3.10/site-packages/requests/adapters.py", line 700, in send
    raise ConnectionError(e, request=request)
requests.exceptions.ConnectionError: HTTPConnectionPool(host='127.0.0.1', port=8000): Max retries exceeded with url: /report/clients-data (Caused by NewConnectionError('<urllib3.connection.HTTPConnection object at 0x774f098d8490>: Failed to establish a new connection: [Errno 111] Connection refused'))
Script Python finalizado
Web cerrada (PID 481659)
API cerrada (PID 481658)
Entorno virtual desactivado
Logs antiguos eliminados
==== Tarea finalizada: Tue Jun  3 09:24:14 CST 2025 ====
==== Tarea iniciada: Tue Jun  3 09:26:37 CST 2025 ====
API iniciada con PID 481743
Web iniciada con PID 481744
Ejecutando script Python...
Traceback (most recent call last):
  File "/home/hector_tovar/Ventologix/vento/lib/python3.10/site-packages/urllib3/connection.py", line 198, in _new_conn
    sock = connection.create_connection(
  File "/home/hector_tovar/Ventologix/vento/lib/python3.10/site-packages/urllib3/util/connection.py", line 85, in create_connection
    raise err
  File "/home/hector_tovar/Ventologix/vento/lib/python3.10/site-packages/urllib3/util/connection.py", line 73, in create_connection
    sock.connect(sa)
ConnectionRefusedError: [Errno 111] Connection refused

The above exception was the direct cause of the following exception:

Traceback (most recent call last):
  File "/home/hector_tovar/Ventologix/vento/lib/python3.10/site-packages/urllib3/connectionpool.py", line 787, in urlopen
    response = self._make_request(
  File "/home/hector_tovar/Ventologix/vento/lib/python3.10/site-packages/urllib3/connectionpool.py", line 493, in _make_request
    conn.request(
  File "/home/hector_tovar/Ventologix/vento/lib/python3.10/site-packages/urllib3/connection.py", line 445, in request
    self.endheaders()
  File "/usr/lib/python3.10/http/client.py", line 1278, in endheaders
    self._send_output(message_body, encode_chunked=encode_chunked)
  File "/usr/lib/python3.10/http/client.py", line 1038, in _send_output
    self.send(msg)
  File "/usr/lib/python3.10/http/client.py", line 976, in send
    self.connect()
  File "/home/hector_tovar/Ventologix/vento/lib/python3.10/site-packages/urllib3/connection.py", line 276, in connect
    self.sock = self._new_conn()
  File "/home/hector_tovar/Ventologix/vento/lib/python3.10/site-packages/urllib3/connection.py", line 213, in _new_conn
    raise NewConnectionError(
urllib3.exceptions.NewConnectionError: <urllib3.connection.HTTPConnection object at 0x7a1d151c4490>: Failed to establish a new connection: [Errno 111] Connection refused

The above exception was the direct cause of the following exception:

Traceback (most recent call last):
  File "/home/hector_tovar/Ventologix/vento/lib/python3.10/site-packages/requests/adapters.py", line 667, in send
    resp = conn.urlopen(
  File "/home/hector_tovar/Ventologix/vento/lib/python3.10/site-packages/urllib3/connectionpool.py", line 841, in urlopen
    retries = retries.increment(
  File "/home/hector_tovar/Ventologix/vento/lib/python3.10/site-packages/urllib3/util/retry.py", line 519, in increment
    raise MaxRetryError(_pool, url, reason) from reason  # type: ignore[arg-type]
urllib3.exceptions.MaxRetryError: HTTPConnectionPool(host='127.0.0.1', port=8000): Max retries exceeded with url: /report/clients-data (Caused by NewConnectionError('<urllib3.connection.HTTPConnection object at 0x7a1d151c4490>: Failed to establish a new connection: [Errno 111] Connection refused'))

During handling of the above exception, another exception occurred:

Traceback (most recent call last):
  File "/home/hector_tovar/Ventologix/scripts/testSendPdfs.py", line 172, in <module>
    main()
  File "/home/hector_tovar/Ventologix/scripts/testSendPdfs.py", line 130, in main
    clientes = obtener_clientes_desde_api()
  File "/home/hector_tovar/Ventologix/scripts/testSendPdfs.py", line 33, in obtener_clientes_desde_api
    response = requests.get("http://127.0.0.1:8000/report/clients-data")
  File "/home/hector_tovar/Ventologix/vento/lib/python3.10/site-packages/requests/api.py", line 73, in get
    return request("get", url, params=params, **kwargs)
  File "/home/hector_tovar/Ventologix/vento/lib/python3.10/site-packages/requests/api.py", line 59, in request
    return session.request(method=method, url=url, **kwargs)
  File "/home/hector_tovar/Ventologix/vento/lib/python3.10/site-packages/requests/sessions.py", line 589, in request
    resp = self.send(prep, **send_kwargs)
  File "/home/hector_tovar/Ventologix/vento/lib/python3.10/site-packages/requests/sessions.py", line 703, in send
    r = adapter.send(request, **kwargs)
  File "/home/hector_tovar/Ventologix/vento/lib/python3.10/site-packages/requests/adapters.py", line 700, in send
    raise ConnectionError(e, request=request)
requests.exceptions.ConnectionError: HTTPConnectionPool(host='127.0.0.1', port=8000): Max retries exceeded with url: /report/clients-data (Caused by NewConnectionError('<urllib3.connection.HTTPConnection object at 0x7a1d151c4490>: Failed to establish a new connection: [Errno 111] Connection refused'))
Script Python finalizado
Web cerrada (PID 481744)
API cerrada (PID 481743)
Entorno virtual desactivado
Logs antiguos eliminados
==== Tarea finalizada: Tue Jun  3 09:26:38 CST 2025 ====
==== Tarea iniciada: Tue Jun  3 09:31:50 CST 2025 ====
API iniciada con PID 482425
Web iniciada con PID 482426
Ejecutando script Python...
Traceback (most recent call last):
  File "/home/hector_tovar/Ventologix/vento/lib/python3.10/site-packages/urllib3/connection.py", line 198, in _new_conn
    sock = connection.create_connection(
  File "/home/hector_tovar/Ventologix/vento/lib/python3.10/site-packages/urllib3/util/connection.py", line 85, in create_connection
    raise err
  File "/home/hector_tovar/Ventologix/vento/lib/python3.10/site-packages/urllib3/util/connection.py", line 73, in create_connection
    sock.connect(sa)
ConnectionRefusedError: [Errno 111] Connection refused

The above exception was the direct cause of the following exception:

Traceback (most recent call last):
  File "/home/hector_tovar/Ventologix/vento/lib/python3.10/site-packages/urllib3/connectionpool.py", line 787, in urlopen
    response = self._make_request(
  File "/home/hector_tovar/Ventologix/vento/lib/python3.10/site-packages/urllib3/connectionpool.py", line 493, in _make_request
    conn.request(
  File "/home/hector_tovar/Ventologix/vento/lib/python3.10/site-packages/urllib3/connection.py", line 445, in request
    self.endheaders()
  File "/usr/lib/python3.10/http/client.py", line 1278, in endheaders
    self._send_output(message_body, encode_chunked=encode_chunked)
  File "/usr/lib/python3.10/http/client.py", line 1038, in _send_output
    self.send(msg)
  File "/usr/lib/python3.10/http/client.py", line 976, in send
    self.connect()
  File "/home/hector_tovar/Ventologix/vento/lib/python3.10/site-packages/urllib3/connection.py", line 276, in connect
    self.sock = self._new_conn()
  File "/home/hector_tovar/Ventologix/vento/lib/python3.10/site-packages/urllib3/connection.py", line 213, in _new_conn
    raise NewConnectionError(
urllib3.exceptions.NewConnectionError: <urllib3.connection.HTTPConnection object at 0x7df6a9dc4490>: Failed to establish a new connection: [Errno 111] Connection refused

The above exception was the direct cause of the following exception:

Traceback (most recent call last):
  File "/home/hector_tovar/Ventologix/vento/lib/python3.10/site-packages/requests/adapters.py", line 667, in send
    resp = conn.urlopen(
  File "/home/hector_tovar/Ventologix/vento/lib/python3.10/site-packages/urllib3/connectionpool.py", line 841, in urlopen
    retries = retries.increment(
  File "/home/hector_tovar/Ventologix/vento/lib/python3.10/site-packages/urllib3/util/retry.py", line 519, in increment
    raise MaxRetryError(_pool, url, reason) from reason  # type: ignore[arg-type]
urllib3.exceptions.MaxRetryError: HTTPConnectionPool(host='127.0.0.1', port=8000): Max retries exceeded with url: /report/clients-data (Caused by NewConnectionError('<urllib3.connection.HTTPConnection object at 0x7df6a9dc4490>: Failed to establish a new connection: [Errno 111] Connection refused'))

During handling of the above exception, another exception occurred:

Traceback (most recent call last):
  File "/home/hector_tovar/Ventologix/scripts/testSendPdfs.py", line 172, in <module>
    main()
  File "/home/hector_tovar/Ventologix/scripts/testSendPdfs.py", line 130, in main
    clientes = obtener_clientes_desde_api()
  File "/home/hector_tovar/Ventologix/scripts/testSendPdfs.py", line 33, in obtener_clientes_desde_api
    response = requests.get("http://127.0.0.1:8000/report/clients-data")
  File "/home/hector_tovar/Ventologix/vento/lib/python3.10/site-packages/requests/api.py", line 73, in get
    return request("get", url, params=params, **kwargs)
  File "/home/hector_tovar/Ventologix/vento/lib/python3.10/site-packages/requests/api.py", line 59, in request
    return session.request(method=method, url=url, **kwargs)
  File "/home/hector_tovar/Ventologix/vento/lib/python3.10/site-packages/requests/sessions.py", line 589, in request
    resp = self.send(prep, **send_kwargs)
  File "/home/hector_tovar/Ventologix/vento/lib/python3.10/site-packages/requests/sessions.py", line 703, in send
    r = adapter.send(request, **kwargs)
  File "/home/hector_tovar/Ventologix/vento/lib/python3.10/site-packages/requests/adapters.py", line 700, in send
    raise ConnectionError(e, request=request)
requests.exceptions.ConnectionError: HTTPConnectionPool(host='127.0.0.1', port=8000): Max retries exceeded with url: /report/clients-data (Caused by NewConnectionError('<urllib3.connection.HTTPConnection object at 0x7df6a9dc4490>: Failed to establish a new connection: [Errno 111] Connection refused'))
Script Python finalizado
Web cerrada (PID 482426)
API cerrada (PID 482425)
Entorno virtual desactivado
Logs antiguos eliminados
==== Tarea finalizada: Tue Jun  3 09:31:50 CST 2025 ====
==== Tarea iniciada: Tue Jun  3 09:35:01 CST 2025 ====
API iniciada con PID 482544
Web iniciada con PID 482545
Ejecutando script Python...
Traceback (most recent call last):
  File "/home/hector_tovar/Ventologix/vento/lib/python3.10/site-packages/urllib3/connection.py", line 198, in _new_conn
    sock = connection.create_connection(
  File "/home/hector_tovar/Ventologix/vento/lib/python3.10/site-packages/urllib3/util/connection.py", line 85, in create_connection
    raise err
  File "/home/hector_tovar/Ventologix/vento/lib/python3.10/site-packages/urllib3/util/connection.py", line 73, in create_connection
    sock.connect(sa)
ConnectionRefusedError: [Errno 111] Connection refused

The above exception was the direct cause of the following exception:

Traceback (most recent call last):
  File "/home/hector_tovar/Ventologix/vento/lib/python3.10/site-packages/urllib3/connectionpool.py", line 787, in urlopen
    response = self._make_request(
  File "/home/hector_tovar/Ventologix/vento/lib/python3.10/site-packages/urllib3/connectionpool.py", line 493, in _make_request
    conn.request(
  File "/home/hector_tovar/Ventologix/vento/lib/python3.10/site-packages/urllib3/connection.py", line 445, in request
    self.endheaders()
  File "/usr/lib/python3.10/http/client.py", line 1278, in endheaders
    self._send_output(message_body, encode_chunked=encode_chunked)
  File "/usr/lib/python3.10/http/client.py", line 1038, in _send_output
    self.send(msg)
  File "/usr/lib/python3.10/http/client.py", line 976, in send
    self.connect()
  File "/home/hector_tovar/Ventologix/vento/lib/python3.10/site-packages/urllib3/connection.py", line 276, in connect
    self.sock = self._new_conn()
  File "/home/hector_tovar/Ventologix/vento/lib/python3.10/site-packages/urllib3/connection.py", line 213, in _new_conn
    raise NewConnectionError(
urllib3.exceptions.NewConnectionError: <urllib3.connection.HTTPConnection object at 0x7e3f4f583f70>: Failed to establish a new connection: [Errno 111] Connection refused

The above exception was the direct cause of the following exception:

Traceback (most recent call last):
  File "/home/hector_tovar/Ventologix/vento/lib/python3.10/site-packages/requests/adapters.py", line 667, in send
    resp = conn.urlopen(
  File "/home/hector_tovar/Ventologix/vento/lib/python3.10/site-packages/urllib3/connectionpool.py", line 841, in urlopen
    retries = retries.increment(
  File "/home/hector_tovar/Ventologix/vento/lib/python3.10/site-packages/urllib3/util/retry.py", line 519, in increment
    raise MaxRetryError(_pool, url, reason) from reason  # type: ignore[arg-type]
urllib3.exceptions.MaxRetryError: HTTPConnectionPool(host='127.0.0.1', port=8000): Max retries exceeded with url: /report/clients-data (Caused by NewConnectionError('<urllib3.connection.HTTPConnection object at 0x7e3f4f583f70>: Failed to establish a new connection: [Errno 111] Connection refused'))

During handling of the above exception, another exception occurred:

Traceback (most recent call last):
  File "/home/hector_tovar/Ventologix/scripts/testSendPdfs.py", line 172, in <module>
    main()
  File "/home/hector_tovar/Ventologix/scripts/testSendPdfs.py", line 130, in main
    clientes = obtener_clientes_desde_api()
  File "/home/hector_tovar/Ventologix/scripts/testSendPdfs.py", line 33, in obtener_clientes_desde_api
    response = requests.get("http://127.0.0.1:8000/report/clients-data")
  File "/home/hector_tovar/Ventologix/vento/lib/python3.10/site-packages/requests/api.py", line 73, in get
    return request("get", url, params=params, **kwargs)
  File "/home/hector_tovar/Ventologix/vento/lib/python3.10/site-packages/requests/api.py", line 59, in request
    return session.request(method=method, url=url, **kwargs)
  File "/home/hector_tovar/Ventologix/vento/lib/python3.10/site-packages/requests/sessions.py", line 589, in request
    resp = self.send(prep, **send_kwargs)
  File "/home/hector_tovar/Ventologix/vento/lib/python3.10/site-packages/requests/sessions.py", line 703, in send
    r = adapter.send(request, **kwargs)
  File "/home/hector_tovar/Ventologix/vento/lib/python3.10/site-packages/requests/adapters.py", line 700, in send
    raise ConnectionError(e, request=request)
requests.exceptions.ConnectionError: HTTPConnectionPool(host='127.0.0.1', port=8000): Max retries exceeded with url: /report/clients-data (Caused by NewConnectionError('<urllib3.connection.HTTPConnection object at 0x7e3f4f583f70>: Failed to establish a new connection: [Errno 111] Connection refused'))
Script Python finalizado
Web cerrada (PID 482545)
API cerrada (PID 482544)
Entorno virtual desactivado
Logs antiguos eliminados
==== Tarea finalizada: Tue Jun  3 09:35:02 CST 2025 ====
==== Tarea iniciada: Tue Jun  3 09:42:01 CST 2025 ====
API iniciada con PID 483220
09:42:01 Esperando 127.0.0.1:8000... intento 1/30
09:42:03 Esperando 127.0.0.1:8000... intento 2/30
09:42:05 Esperando 127.0.0.1:8000... intento 3/30
09:42:07 Esperando 127.0.0.1:8000... intento 4/30
09:42:09 Esperando 127.0.0.1:8000... intento 5/30
09:42:11 Esperando 127.0.0.1:8000... intento 6/30
09:42:13 Esperando 127.0.0.1:8000... intento 7/30
09:42:15 Esperando 127.0.0.1:8000... intento 8/30
09:42:17 Esperando 127.0.0.1:8000... intento 9/30
09:42:19 Esperando 127.0.0.1:8000... intento 10/30
09:42:21 Esperando 127.0.0.1:8000... intento 11/30
09:42:23 Esperando 127.0.0.1:8000... intento 12/30
09:42:25 Esperando 127.0.0.1:8000... intento 13/30
09:42:27 Esperando 127.0.0.1:8000... intento 14/30
09:42:29 Esperando 127.0.0.1:8000... intento 15/30
09:42:31 Esperando 127.0.0.1:8000... intento 16/30
09:42:33 Esperando 127.0.0.1:8000... intento 17/30
09:42:35 Esperando 127.0.0.1:8000... intento 18/30
09:42:37 Esperando 127.0.0.1:8000... intento 19/30
09:42:39 Esperando 127.0.0.1:8000... intento 20/30
09:42:41 Esperando 127.0.0.1:8000... intento 21/30
09:42:43 Esperando 127.0.0.1:8000... intento 22/30
09:42:45 Esperando 127.0.0.1:8000... intento 23/30
09:42:47 Esperando 127.0.0.1:8000... intento 24/30
09:42:49 Esperando 127.0.0.1:8000... intento 25/30
09:42:51 Esperando 127.0.0.1:8000... intento 26/30
09:42:53 Esperando 127.0.0.1:8000... intento 27/30
09:42:55 Esperando 127.0.0.1:8000... intento 28/30
09:42:57 Esperando 127.0.0.1:8000... intento 29/30
09:42:59 Esperando 127.0.0.1:8000... intento 30/30
09:43:01 Timeout esperando 127.0.0.1:8000
No se pudo levantar API, abortando.
==== Tarea iniciada: Tue Jun  3 11:43:57 CST 2025 ====
API iniciada con PID 491049
11:43:57 Esperando 127.0.0.1:8000... intento 1/30
11:43:59 Esperando 127.0.0.1:8000... intento 2/30
11:44:01 Esperando 127.0.0.1:8000... intento 3/30
11:44:03 Esperando 127.0.0.1:8000... intento 4/30
11:44:05 Esperando 127.0.0.1:8000... intento 5/30
11:44:07 Esperando 127.0.0.1:8000... intento 6/30
==== Tarea iniciada: Tue Jun  3 11:44:09 CST 2025 ====
API iniciada con PID 491114
11:44:09 Esperando 127.0.0.1:8000... intento 1/30
11:44:11 Esperando 127.0.0.1:8000... intento 2/30
11:44:13 Esperando 127.0.0.1:8000... intento 3/30
11:44:15 Esperando 127.0.0.1:8000... intento 4/30
11:44:17 Esperando 127.0.0.1:8000... intento 5/30
11:44:19 Esperando 127.0.0.1:8000... intento 6/30
11:44:21 Esperando 127.0.0.1:8000... intento 7/30
11:44:23 Esperando 127.0.0.1:8000... intento 8/30
11:44:25 Esperando 127.0.0.1:8000... intento 9/30
11:44:27 Esperando 127.0.0.1:8000... intento 10/30
11:44:29 Esperando 127.0.0.1:8000... intento 11/30
11:44:31 Esperando 127.0.0.1:8000... intento 12/30
11:44:33 Esperando 127.0.0.1:8000... intento 13/30
11:44:35 Esperando 127.0.0.1:8000... intento 14/30
11:44:37 Esperando 127.0.0.1:8000... intento 15/30
11:44:39 Esperando 127.0.0.1:8000... intento 16/30
11:44:41 Esperando 127.0.0.1:8000... intento 17/30
11:44:43 Esperando 127.0.0.1:8000... intento 18/30
11:44:45 Esperando 127.0.0.1:8000... intento 19/30
11:44:47 Esperando 127.0.0.1:8000... intento 20/30
11:44:49 Esperando 127.0.0.1:8000... intento 21/30
11:44:51 Esperando 127.0.0.1:8000... intento 22/30
11:44:53 Esperando 127.0.0.1:8000... intento 23/30
11:44:55 Esperando 127.0.0.1:8000... intento 24/30
11:44:57 Esperando 127.0.0.1:8000... intento 25/30
11:44:59 Esperando 127.0.0.1:8000... intento 26/30
==== Tarea iniciada: Tue Jun  3 11:44:59 CST 2025 ====
API iniciada con PID 491208
11:44:59 Esperando 127.0.0.1:8000... intento 1/30
11:45:01 Esperando 127.0.0.1:8000... intento 2/30
11:45:03 Esperando 127.0.0.1:8000... intento 3/30
11:45:05 Esperando 127.0.0.1:8000... intento 4/30
11:45:07 Esperando 127.0.0.1:8000... intento 5/30
11:45:09 Esperando 127.0.0.1:8000... intento 6/30
11:45:11 Esperando 127.0.0.1:8000... intento 7/30
11:45:13 Esperando 127.0.0.1:8000... intento 8/30
11:45:15 Esperando 127.0.0.1:8000... intento 9/30
11:45:17 Esperando 127.0.0.1:8000... intento 10/30
11:45:19 Esperando 127.0.0.1:8000... intento 11/30
11:45:21 Esperando 127.0.0.1:8000... intento 12/30
11:45:23 Esperando 127.0.0.1:8000... intento 13/30
11:45:25 Esperando 127.0.0.1:8000... intento 14/30
11:45:27 Esperando 127.0.0.1:8000... intento 15/30
11:45:29 Esperando 127.0.0.1:8000... intento 16/30
11:45:31 Esperando 127.0.0.1:8000... intento 17/30
11:45:33 Esperando 127.0.0.1:8000... intento 18/30
11:45:35 Esperando 127.0.0.1:8000... intento 19/30
11:45:37 Esperando 127.0.0.1:8000... intento 20/30
11:45:39 Esperando 127.0.0.1:8000... intento 21/30
11:45:41 Esperando 127.0.0.1:8000... intento 22/30
11:45:43 Esperando 127.0.0.1:8000... intento 23/30
11:45:45 Esperando 127.0.0.1:8000... intento 24/30
11:45:47 Esperando 127.0.0.1:8000... intento 25/30
11:45:49 Esperando 127.0.0.1:8000... intento 26/30
11:45:51 Esperando 127.0.0.1:8000... intento 27/30
11:45:53 Esperando 127.0.0.1:8000... intento 28/30
11:45:55 Esperando 127.0.0.1:8000... intento 29/30
11:45:57 Esperando 127.0.0.1:8000... intento 30/30
11:45:59 Timeout esperando 127.0.0.1:8000
No se pudo levantar API, abortando.
==== Tarea iniciada: Tue Jun  3 11:46:24 CST 2025 ====
API iniciada con PID 491429
11:46:24 Esperando 127.0.0.1:8000... intento 1/30
11:46:26 Esperando 127.0.0.1:8000... intento 2/30
11:46:28 Esperando 127.0.0.1:8000... intento 3/30
11:46:30 Esperando 127.0.0.1:8000... intento 4/30
11:46:32 Esperando 127.0.0.1:8000... intento 5/30
11:46:34 Esperando 127.0.0.1:8000... intento 6/30
11:46:36 Esperando 127.0.0.1:8000... intento 7/30
11:46:38 Esperando 127.0.0.1:8000... intento 8/30
11:46:40 Esperando 127.0.0.1:8000... intento 9/30
11:46:42 Esperando 127.0.0.1:8000... intento 10/30
11:46:44 Esperando 127.0.0.1:8000... intento 11/30
11:46:46 Esperando 127.0.0.1:8000... intento 12/30
11:46:48 Esperando 127.0.0.1:8000... intento 13/30
11:46:50 Esperando 127.0.0.1:8000... intento 14/30
11:46:52 Esperando 127.0.0.1:8000... intento 15/30
11:46:54 Esperando 127.0.0.1:8000... intento 16/30
11:46:56 Esperando 127.0.0.1:8000... intento 17/30
11:46:58 Esperando 127.0.0.1:8000... intento 18/30
11:47:00 Esperando 127.0.0.1:8000... intento 19/30
11:47:02 Esperando 127.0.0.1:8000... intento 20/30
11:47:04 Esperando 127.0.0.1:8000... intento 21/30
11:47:06 Esperando 127.0.0.1:8000... intento 22/30
11:47:08 Esperando 127.0.0.1:8000... intento 23/30
11:47:10 Esperando 127.0.0.1:8000... intento 24/30
11:47:12 Esperando 127.0.0.1:8000... intento 25/30
11:47:14 Esperando 127.0.0.1:8000... intento 26/30
11:47:16 Esperando 127.0.0.1:8000... intento 27/30
11:47:18 Esperando 127.0.0.1:8000... intento 28/30
11:47:20 Esperando 127.0.0.1:8000... intento 29/30
11:47:22 Esperando 127.0.0.1:8000... intento 30/30
11:47:24 Timeout esperando 127.0.0.1:8000
No se pudo levantar API, abortando.
==== Tarea iniciada: Tue Jun  3 11:50:17 CST 2025 ====
API iniciada con PID 491599
11:50:17 Esperando 127.0.0.1:8000... intento 1/30
11:50:19 Esperando 127.0.0.1:8000... intento 2/30
11:50:21 Esperando 127.0.0.1:8000... intento 3/30
11:50:23 Esperando 127.0.0.1:8000... intento 4/30
11:50:25 Esperando 127.0.0.1:8000... intento 5/30
11:50:27 Esperando 127.0.0.1:8000... intento 6/30
11:50:29 Esperando 127.0.0.1:8000... intento 7/30
11:50:31 Esperando 127.0.0.1:8000... intento 8/30
11:50:33 Esperando 127.0.0.1:8000... intento 9/30
11:50:35 Esperando 127.0.0.1:8000... intento 10/30
11:50:37 Esperando 127.0.0.1:8000... intento 11/30
11:50:39 Esperando 127.0.0.1:8000... intento 12/30
11:50:41 Esperando 127.0.0.1:8000... intento 13/30
11:50:43 Esperando 127.0.0.1:8000... intento 14/30
11:50:45 Esperando 127.0.0.1:8000... intento 15/30
11:50:47 Esperando 127.0.0.1:8000... intento 16/30
11:50:49 Esperando 127.0.0.1:8000... intento 17/30
11:50:51 Esperando 127.0.0.1:8000... intento 18/30
11:50:53 Esperando 127.0.0.1:8000... intento 19/30
11:50:55 Esperando 127.0.0.1:8000... intento 20/30
11:50:57 Esperando 127.0.0.1:8000... intento 21/30
11:50:59 Esperando 127.0.0.1:8000... intento 22/30
11:51:01 Esperando 127.0.0.1:8000... intento 23/30
11:51:03 Esperando 127.0.0.1:8000... intento 24/30
11:51:05 Esperando 127.0.0.1:8000... intento 25/30
11:51:07 Esperando 127.0.0.1:8000... intento 26/30
11:51:09 Esperando 127.0.0.1:8000... intento 27/30
11:51:11 Esperando 127.0.0.1:8000... intento 28/30
11:51:13 Esperando 127.0.0.1:8000... intento 29/30
11:51:15 Esperando 127.0.0.1:8000... intento 30/30
11:51:17 Timeout esperando 127.0.0.1:8000
No se pudo levantar API, abortando.
==== Tarea iniciada: Tue Jun  3 11:52:47 CST 2025 ====
API iniciada con PID 492231
11:52:47 Esperando 127.0.0.1:8000... intento 1/30
11:52:49 Esperando 127.0.0.1:8000... intento 2/30
11:52:51 Esperando 127.0.0.1:8000... intento 3/30
11:52:53 Esperando 127.0.0.1:8000... intento 4/30
11:52:55 Esperando 127.0.0.1:8000... intento 5/30
11:52:57 Esperando 127.0.0.1:8000... intento 6/30
11:52:59 Esperando 127.0.0.1:8000... intento 7/30
11:53:01 Esperando 127.0.0.1:8000... intento 8/30
11:53:03 Esperando 127.0.0.1:8000... intento 9/30
11:53:05 Esperando 127.0.0.1:8000... intento 10/30
11:53:07 Esperando 127.0.0.1:8000... intento 11/30
11:53:09 Esperando 127.0.0.1:8000... intento 12/30
11:53:11 Esperando 127.0.0.1:8000... intento 13/30
11:53:13 Esperando 127.0.0.1:8000... intento 14/30
11:53:15 Esperando 127.0.0.1:8000... intento 15/30
11:53:17 Esperando 127.0.0.1:8000... intento 16/30
11:53:19 Esperando 127.0.0.1:8000... intento 17/30
11:53:21 Esperando 127.0.0.1:8000... intento 18/30
11:53:23 Esperando 127.0.0.1:8000... intento 19/30
11:53:25 Esperando 127.0.0.1:8000... intento 20/30
11:53:27 Esperando 127.0.0.1:8000... intento 21/30
11:53:29 Esperando 127.0.0.1:8000... intento 22/30
11:53:31 Esperando 127.0.0.1:8000... intento 23/30
11:53:33 Esperando 127.0.0.1:8000... intento 24/30
11:53:35 Esperando 127.0.0.1:8000... intento 25/30
11:53:37 Esperando 127.0.0.1:8000... intento 26/30
11:53:39 Esperando 127.0.0.1:8000... intento 27/30
11:53:41 Esperando 127.0.0.1:8000... intento 28/30
11:53:43 Esperando 127.0.0.1:8000... intento 29/30
11:53:45 Esperando 127.0.0.1:8000... intento 30/30
11:53:47 Timeout esperando 127.0.0.1:8000
No se pudo levantar API, abortando.
==== Tarea iniciada: Tue Jun  3 11:55:20 CST 2025 ====
API iniciada con PID 492436
11:55:20 Esperando 127.0.0.1:8000... intento 1/30
11:55:22 127.0.0.1:8000 está listo
Web iniciada con PID 492444
11:55:22 127.0.0.1:3000 está listo
Ejecutando script Python...
Generando PDF para cliente ALLTANSA, línea B
Abriendo URL: http://localhost:3000/reportes?id_cliente=1&linea=B
Esperando que frontend avise que terminó de renderizar...
Frontend listo, generando PDF...
Generando PDF para cliente Power Paint Solutions, línea A
Abriendo URL: http://localhost:3000/reportes?id_cliente=3&linea=A
Esperando que frontend avise que terminó de renderizar...
Frontend listo, generando PDF...
Generando PDF para cliente Power Paint Solutions, línea B
Abriendo URL: http://localhost:3000/reportes?id_cliente=4&linea=B
Esperando que frontend avise que terminó de renderizar...
Frontend listo, generando PDF...
Generando PDF para cliente Penox Mexico, línea A
Abriendo URL: http://localhost:3000/reportes?id_cliente=7&linea=A
Esperando que frontend avise que terminó de renderizar...
Frontend listo, generando PDF...
Generando PDF para cliente Penox Mexico, línea B
Abriendo URL: http://localhost:3000/reportes?id_cliente=7&linea=B
Esperando que frontend avise que terminó de renderizar...
Frontend listo, generando PDF...
Generando PDF para cliente Durosa, línea A
Abriendo URL: http://localhost:3000/reportes?id_cliente=8&linea=A
Esperando que frontend avise que terminó de renderizar...
Frontend listo, generando PDF...
Generando PDF para cliente Manttra Gimsa, línea A
Abriendo URL: http://localhost:3000/reportes?id_cliente=9&linea=A
Esperando que frontend avise que terminó de renderizar...
Frontend listo, generando PDF...
Generando PDF para cliente Manttra Gimsa, línea A
Abriendo URL: http://localhost:3000/reportes?id_cliente=12&linea=A
Esperando que frontend avise que terminó de renderizar...
Frontend listo, generando PDF...
Generando PDF para cliente Calidra, línea A
Abriendo URL: http://localhost:3000/reportes?id_cliente=10&linea=A
Esperando que frontend avise que terminó de renderizar...
Frontend listo, generando PDF...
Generando PDF para cliente Calidra, línea A
Abriendo URL: http://localhost:3000/reportes?id_cliente=11&linea=A
Esperando que frontend avise que terminó de renderizar...
Frontend listo, generando PDF...
Correo enviado a hector.tovar@ventologix.com con 10 archivos adjuntos
Proceso finalizado.
Script Python finalizado
Web cerrada (PID 492444)
API cerrada (PID 492436)
Entorno virtual desactivado
Logs antiguos eliminados
==== Tarea finalizada: Tue Jun  3 12:00:03 CST 2025 ====
