==== Tarea iniciada: Tue Jun  3 06:55:01 CST 2025 ====
API iniciada con PID 470630
06:55:01 Esperando 127.0.0.1:8000... intento 1/30
06:55:03 Esperando 127.0.0.1:8000... intento 2/30
06:55:05 Esperando 127.0.0.1:8000... intento 3/30
06:55:07 Esperando 127.0.0.1:8000... intento 4/30
06:55:09 Esperando 127.0.0.1:8000... intento 5/30
06:55:11 Esperando 127.0.0.1:8000... intento 6/30
06:55:13 Esperando 127.0.0.1:8000... intento 7/30
06:55:15 Esperando 127.0.0.1:8000... intento 8/30
06:55:17 Esperando 127.0.0.1:8000... intento 9/30
06:55:19 Esperando 127.0.0.1:8000... intento 10/30
06:55:21 Esperando 127.0.0.1:8000... intento 11/30
06:55:23 Esperando 127.0.0.1:8000... intento 12/30
06:55:25 Esperando 127.0.0.1:8000... intento 13/30
06:55:27 Esperando 127.0.0.1:8000... intento 14/30
06:55:29 Esperando 127.0.0.1:8000... intento 15/30
06:55:31 Esperando 127.0.0.1:8000... intento 16/30
06:55:33 Esperando 127.0.0.1:8000... intento 17/30
06:55:35 Esperando 127.0.0.1:8000... intento 18/30
06:55:37 Esperando 127.0.0.1:8000... intento 19/30
06:55:39 Esperando 127.0.0.1:8000... intento 20/30
06:55:41 Esperando 127.0.0.1:8000... intento 21/30
06:55:43 Esperando 127.0.0.1:8000... intento 22/30
06:55:45 Esperando 127.0.0.1:8000... intento 23/30
06:55:47 Esperando 127.0.0.1:8000... intento 24/30
06:55:49 Esperando 127.0.0.1:8000... intento 25/30
06:55:51 Esperando 127.0.0.1:8000... intento 26/30
06:55:53 Esperando 127.0.0.1:8000... intento 27/30
06:55:55 Esperando 127.0.0.1:8000... intento 28/30
06:55:57 Esperando 127.0.0.1:8000... intento 29/30
06:55:59 Esperando 127.0.0.1:8000... intento 30/30
06:56:01 Timeout esperando 127.0.0.1:8000
No se pudo levantar API, abortando.
==== Tarea iniciada: Tue Jun  3 09:03:02 CST 2025 ====
API iniciada con PID 480181
Web iniciada con PID 480182
Ejecutando script Python...
Traceback (most recent call last):
  File "/home/hector_tovar/Ventologix/vento/lib/python3.10/site-packages/urllib3/connection.py", line 198, in _new_conn
    sock = connection.create_connection(
  File "/home/hector_tovar/Ventologix/vento/lib/python3.10/site-packages/urllib3/util/connection.py", line 85, in create_connection
    raise err
  File "/home/hector_tovar/Ventologix/vento/lib/python3.10/site-packages/urllib3/util/connection.py", line 73, in create_connection
    sock.connect(sa)
ConnectionRefusedError: [Errno 111] Connection refused

The above exception was the direct cause of the following exception:

Traceback (most recent call last):
  File "/home/hector_tovar/Ventologix/vento/lib/python3.10/site-packages/urllib3/connectionpool.py", line 787, in urlopen
    response = self._make_request(
  File "/home/hector_tovar/Ventologix/vento/lib/python3.10/site-packages/urllib3/connectionpool.py", line 493, in _make_request
    conn.request(
  File "/home/hector_tovar/Ventologix/vento/lib/python3.10/site-packages/urllib3/connection.py", line 445, in request
    self.endheaders()
  File "/usr/lib/python3.10/http/client.py", line 1278, in endheaders
    self._send_output(message_body, encode_chunked=encode_chunked)
  File "/usr/lib/python3.10/http/client.py", line 1038, in _send_output
    self.send(msg)
  File "/usr/lib/python3.10/http/client.py", line 976, in send
    self.connect()
  File "/home/hector_tovar/Ventologix/vento/lib/python3.10/site-packages/urllib3/connection.py", line 276, in connect
    self.sock = self._new_conn()
  File "/home/hector_tovar/Ventologix/vento/lib/python3.10/site-packages/urllib3/connection.py", line 213, in _new_conn
    raise NewConnectionError(
urllib3.exceptions.NewConnectionError: <urllib3.connection.HTTPConnection object at 0x762b6c983f70>: Failed to establish a new connection: [Errno 111] Connection refused

The above exception was the direct cause of the following exception:

Traceback (most recent call last):
  File "/home/hector_tovar/Ventologix/vento/lib/python3.10/site-packages/requests/adapters.py", line 667, in send
    resp = conn.urlopen(
  File "/home/hector_tovar/Ventologix/vento/lib/python3.10/site-packages/urllib3/connectionpool.py", line 841, in urlopen
    retries = retries.increment(
  File "/home/hector_tovar/Ventologix/vento/lib/python3.10/site-packages/urllib3/util/retry.py", line 519, in increment
    raise MaxRetryError(_pool, url, reason) from reason  # type: ignore[arg-type]
urllib3.exceptions.MaxRetryError: HTTPConnectionPool(host='127.0.0.1', port=8000): Max retries exceeded with url: /report/clients-data (Caused by NewConnectionError('<urllib3.connection.HTTPConnection object at 0x762b6c983f70>: Failed to establish a new connection: [Errno 111] Connection refused'))

During handling of the above exception, another exception occurred:

Traceback (most recent call last):
  File "/home/hector_tovar/Ventologix/scripts/testSendPdfs.py", line 172, in <module>
    main()
  File "/home/hector_tovar/Ventologix/scripts/testSendPdfs.py", line 130, in main
    clientes = obtener_clientes_desde_api()
  File "/home/hector_tovar/Ventologix/scripts/testSendPdfs.py", line 33, in obtener_clientes_desde_api
    response = requests.get("http://127.0.0.1:8000/report/clients-data")
  File "/home/hector_tovar/Ventologix/vento/lib/python3.10/site-packages/requests/api.py", line 73, in get
    return request("get", url, params=params, **kwargs)
  File "/home/hector_tovar/Ventologix/vento/lib/python3.10/site-packages/requests/api.py", line 59, in request
    return session.request(method=method, url=url, **kwargs)
  File "/home/hector_tovar/Ventologix/vento/lib/python3.10/site-packages/requests/sessions.py", line 589, in request
    resp = self.send(prep, **send_kwargs)
  File "/home/hector_tovar/Ventologix/vento/lib/python3.10/site-packages/requests/sessions.py", line 703, in send
    r = adapter.send(request, **kwargs)
  File "/home/hector_tovar/Ventologix/vento/lib/python3.10/site-packages/requests/adapters.py", line 700, in send
    raise ConnectionError(e, request=request)
requests.exceptions.ConnectionError: HTTPConnectionPool(host='127.0.0.1', port=8000): Max retries exceeded with url: /report/clients-data (Caused by NewConnectionError('<urllib3.connection.HTTPConnection object at 0x762b6c983f70>: Failed to establish a new connection: [Errno 111] Connection refused'))
Script Python finalizado
Web cerrada (PID 480182)
API cerrada (PID 480181)
Entorno virtual desactivado
Logs antiguos eliminados
==== Tarea finalizada: Tue Jun  3 09:03:02 CST 2025 ====
==== Tarea iniciada: Tue Jun  3 09:23:25 CST 2025 ====
API iniciada con PID 481635
Web iniciada con PID 481636
Ejecutando script Python...
/home/hector_tovar/Ventologix/scripts/test.sh: 29: python: not found
Script Python finalizado
Web cerrada (PID 481636)
API cerrada (PID 481635)
Entorno virtual desactivado
Logs antiguos eliminados
==== Tarea finalizada: Tue Jun  3 09:23:25 CST 2025 ====
==== Tarea iniciada: Tue Jun  3 09:24:14 CST 2025 ====
API iniciada con PID 481658
Web iniciada con PID 481659
Ejecutando script Python...
Traceback (most recent call last):
  File "/home/hector_tovar/Ventologix/vento/lib/python3.10/site-packages/urllib3/connection.py", line 198, in _new_conn
    sock = connection.create_connection(
  File "/home/hector_tovar/Ventologix/vento/lib/python3.10/site-packages/urllib3/util/connection.py", line 85, in create_connection
    raise err
  File "/home/hector_tovar/Ventologix/vento/lib/python3.10/site-packages/urllib3/util/connection.py", line 73, in create_connection
    sock.connect(sa)
ConnectionRefusedError: [Errno 111] Connection refused

The above exception was the direct cause of the following exception:

Traceback (most recent call last):
  File "/home/hector_tovar/Ventologix/vento/lib/python3.10/site-packages/urllib3/connectionpool.py", line 787, in urlopen
    response = self._make_request(
  File "/home/hector_tovar/Ventologix/vento/lib/python3.10/site-packages/urllib3/connectionpool.py", line 493, in _make_request
    conn.request(
  File "/home/hector_tovar/Ventologix/vento/lib/python3.10/site-packages/urllib3/connection.py", line 445, in request
    self.endheaders()
  File "/usr/lib/python3.10/http/client.py", line 1278, in endheaders
    self._send_output(message_body, encode_chunked=encode_chunked)
  File "/usr/lib/python3.10/http/client.py", line 1038, in _send_output
    self.send(msg)
  File "/usr/lib/python3.10/http/client.py", line 976, in send
    self.connect()
  File "/home/hector_tovar/Ventologix/vento/lib/python3.10/site-packages/urllib3/connection.py", line 276, in connect
    self.sock = self._new_conn()
  File "/home/hector_tovar/Ventologix/vento/lib/python3.10/site-packages/urllib3/connection.py", line 213, in _new_conn
    raise NewConnectionError(
urllib3.exceptions.NewConnectionError: <urllib3.connection.HTTPConnection object at 0x774f098d8490>: Failed to establish a new connection: [Errno 111] Connection refused

The above exception was the direct cause of the following exception:

Traceback (most recent call last):
  File "/home/hector_tovar/Ventologix/vento/lib/python3.10/site-packages/requests/adapters.py", line 667, in send
    resp = conn.urlopen(
  File "/home/hector_tovar/Ventologix/vento/lib/python3.10/site-packages/urllib3/connectionpool.py", line 841, in urlopen
    retries = retries.increment(
  File "/home/hector_tovar/Ventologix/vento/lib/python3.10/site-packages/urllib3/util/retry.py", line 519, in increment
    raise MaxRetryError(_pool, url, reason) from reason  # type: ignore[arg-type]
urllib3.exceptions.MaxRetryError: HTTPConnectionPool(host='127.0.0.1', port=8000): Max retries exceeded with url: /report/clients-data (Caused by NewConnectionError('<urllib3.connection.HTTPConnection object at 0x774f098d8490>: Failed to establish a new connection: [Errno 111] Connection refused'))

During handling of the above exception, another exception occurred:

Traceback (most recent call last):
  File "/home/hector_tovar/Ventologix/scripts/testSendPdfs.py", line 172, in <module>
    main()
  File "/home/hector_tovar/Ventologix/scripts/testSendPdfs.py", line 130, in main
    clientes = obtener_clientes_desde_api()
  File "/home/hector_tovar/Ventologix/scripts/testSendPdfs.py", line 33, in obtener_clientes_desde_api
    response = requests.get("http://127.0.0.1:8000/report/clients-data")
  File "/home/hector_tovar/Ventologix/vento/lib/python3.10/site-packages/requests/api.py", line 73, in get
    return request("get", url, params=params, **kwargs)
  File "/home/hector_tovar/Ventologix/vento/lib/python3.10/site-packages/requests/api.py", line 59, in request
    return session.request(method=method, url=url, **kwargs)
  File "/home/hector_tovar/Ventologix/vento/lib/python3.10/site-packages/requests/sessions.py", line 589, in request
    resp = self.send(prep, **send_kwargs)
  File "/home/hector_tovar/Ventologix/vento/lib/python3.10/site-packages/requests/sessions.py", line 703, in send
    r = adapter.send(request, **kwargs)
  File "/home/hector_tovar/Ventologix/vento/lib/python3.10/site-packages/requests/adapters.py", line 700, in send
    raise ConnectionError(e, request=request)
requests.exceptions.ConnectionError: HTTPConnectionPool(host='127.0.0.1', port=8000): Max retries exceeded with url: /report/clients-data (Caused by NewConnectionError('<urllib3.connection.HTTPConnection object at 0x774f098d8490>: Failed to establish a new connection: [Errno 111] Connection refused'))
Script Python finalizado
Web cerrada (PID 481659)
API cerrada (PID 481658)
Entorno virtual desactivado
Logs antiguos eliminados
==== Tarea finalizada: Tue Jun  3 09:24:14 CST 2025 ====
==== Tarea iniciada: Tue Jun  3 09:26:37 CST 2025 ====
API iniciada con PID 481743
Web iniciada con PID 481744
Ejecutando script Python...
Traceback (most recent call last):
  File "/home/hector_tovar/Ventologix/vento/lib/python3.10/site-packages/urllib3/connection.py", line 198, in _new_conn
    sock = connection.create_connection(
  File "/home/hector_tovar/Ventologix/vento/lib/python3.10/site-packages/urllib3/util/connection.py", line 85, in create_connection
    raise err
  File "/home/hector_tovar/Ventologix/vento/lib/python3.10/site-packages/urllib3/util/connection.py", line 73, in create_connection
    sock.connect(sa)
ConnectionRefusedError: [Errno 111] Connection refused

The above exception was the direct cause of the following exception:

Traceback (most recent call last):
  File "/home/hector_tovar/Ventologix/vento/lib/python3.10/site-packages/urllib3/connectionpool.py", line 787, in urlopen
    response = self._make_request(
  File "/home/hector_tovar/Ventologix/vento/lib/python3.10/site-packages/urllib3/connectionpool.py", line 493, in _make_request
    conn.request(
  File "/home/hector_tovar/Ventologix/vento/lib/python3.10/site-packages/urllib3/connection.py", line 445, in request
    self.endheaders()
  File "/usr/lib/python3.10/http/client.py", line 1278, in endheaders
    self._send_output(message_body, encode_chunked=encode_chunked)
  File "/usr/lib/python3.10/http/client.py", line 1038, in _send_output
    self.send(msg)
  File "/usr/lib/python3.10/http/client.py", line 976, in send
    self.connect()
  File "/home/hector_tovar/Ventologix/vento/lib/python3.10/site-packages/urllib3/connection.py", line 276, in connect
    self.sock = self._new_conn()
  File "/home/hector_tovar/Ventologix/vento/lib/python3.10/site-packages/urllib3/connection.py", line 213, in _new_conn
    raise NewConnectionError(
urllib3.exceptions.NewConnectionError: <urllib3.connection.HTTPConnection object at 0x7a1d151c4490>: Failed to establish a new connection: [Errno 111] Connection refused

The above exception was the direct cause of the following exception:

Traceback (most recent call last):
  File "/home/hector_tovar/Ventologix/vento/lib/python3.10/site-packages/requests/adapters.py", line 667, in send
    resp = conn.urlopen(
  File "/home/hector_tovar/Ventologix/vento/lib/python3.10/site-packages/urllib3/connectionpool.py", line 841, in urlopen
    retries = retries.increment(
  File "/home/hector_tovar/Ventologix/vento/lib/python3.10/site-packages/urllib3/util/retry.py", line 519, in increment
    raise MaxRetryError(_pool, url, reason) from reason  # type: ignore[arg-type]
urllib3.exceptions.MaxRetryError: HTTPConnectionPool(host='127.0.0.1', port=8000): Max retries exceeded with url: /report/clients-data (Caused by NewConnectionError('<urllib3.connection.HTTPConnection object at 0x7a1d151c4490>: Failed to establish a new connection: [Errno 111] Connection refused'))

During handling of the above exception, another exception occurred:

Traceback (most recent call last):
  File "/home/hector_tovar/Ventologix/scripts/testSendPdfs.py", line 172, in <module>
    main()
  File "/home/hector_tovar/Ventologix/scripts/testSendPdfs.py", line 130, in main
    clientes = obtener_clientes_desde_api()
  File "/home/hector_tovar/Ventologix/scripts/testSendPdfs.py", line 33, in obtener_clientes_desde_api
    response = requests.get("http://127.0.0.1:8000/report/clients-data")
  File "/home/hector_tovar/Ventologix/vento/lib/python3.10/site-packages/requests/api.py", line 73, in get
    return request("get", url, params=params, **kwargs)
  File "/home/hector_tovar/Ventologix/vento/lib/python3.10/site-packages/requests/api.py", line 59, in request
    return session.request(method=method, url=url, **kwargs)
  File "/home/hector_tovar/Ventologix/vento/lib/python3.10/site-packages/requests/sessions.py", line 589, in request
    resp = self.send(prep, **send_kwargs)
  File "/home/hector_tovar/Ventologix/vento/lib/python3.10/site-packages/requests/sessions.py", line 703, in send
    r = adapter.send(request, **kwargs)
  File "/home/hector_tovar/Ventologix/vento/lib/python3.10/site-packages/requests/adapters.py", line 700, in send
    raise ConnectionError(e, request=request)
requests.exceptions.ConnectionError: HTTPConnectionPool(host='127.0.0.1', port=8000): Max retries exceeded with url: /report/clients-data (Caused by NewConnectionError('<urllib3.connection.HTTPConnection object at 0x7a1d151c4490>: Failed to establish a new connection: [Errno 111] Connection refused'))
Script Python finalizado
Web cerrada (PID 481744)
API cerrada (PID 481743)
Entorno virtual desactivado
Logs antiguos eliminados
==== Tarea finalizada: Tue Jun  3 09:26:38 CST 2025 ====
